C51 COMPILER V9.60.0.0   FAN                                                               03/31/2020 22:10:27 PAGE 1   


C51 COMPILER V9.60.0.0, COMPILATION OF MODULE FAN
OBJECT MODULE PLACED IN .\Objects\fan.obj
COMPILER INVOKED BY: D:\Keil_v5\C51\BIN\C51.EXE fan.c OPTIMIZE(8,SPEED) BROWSE DEBUG OBJECTEXTEND PRINT(.\Listings\fan.l
                    -st) OBJECT(.\Objects\fan.obj)

line level    source

   1          #include <STC15F2K60S2.H>
   2          #include <intrins.h>
   3          
   4          void Delay()            //@11.0592MHz
   5          {
   6   1              unsigned char i, j, k;
   7   1      
   8   1              _nop_();
   9   1              _nop_();
  10   1              i = 43;
  11   1              j = 6;
  12   1              k = 203;
  13   1              do
  14   1              {
  15   2                      do
  16   2                      {
  17   3                              while (--k);
  18   3                      } while (--j);
  19   2              } while (--i);
  20   1      }
  21          
  22          int main(void)
  23          {
  24   1              int i;
  25   1              for(i = 10; i>0; i--)
  26   1              {
  27   2              P00 = 0;
  28   2              Delay();
  29   2              P00 = 1;
  30   2              Delay();
  31   2              }
  32   1              return 0;
  33   1      }


MODULE INFORMATION:   STATIC OVERLAYABLE
   CODE SIZE        =     42    ----
   CONSTANT SIZE    =   ----    ----
   XDATA SIZE       =   ----    ----
   PDATA SIZE       =   ----    ----
   DATA SIZE        =   ----    ----
   IDATA SIZE       =   ----    ----
   BIT SIZE         =   ----    ----
END OF MODULE INFORMATION.


C51 COMPILATION COMPLETE.  0 WARNING(S),  0 ERROR(S)
