Added Component: Designator=D?(3.2X1.6X1.1)
Add component. Clean all parameters for all variants
Add component (AddParameter): Name = "LatestRevisionDate"; Value = "17-Jul-2002"; VariantName = "[No Variations]"
Add component (AddParameter): Name = "LatestRevisionNote"; Value = "Re-released for DXP Platform."; VariantName = "[No Variations]"
Add component (AddParameter): Name = "PackageDescription"; Value = "SM LED; 2 Flat Leads"; VariantName = "[No Variations]"
Add component (AddParameter): Name = "PackageReference"; Value = "3.2X1.6X1.1"; VariantName = "[No Variations]"
Add component (AddParameter): Name = "PackageVersion"; Value = "Feb-2002"; VariantName = "[No Variations]"
Add component (AddParameter): Name = "Published"; Value = "8-Jun-2000"; VariantName = "[No Variations]"
Add component (AddParameter): Name = "Publisher"; Value = "Altium Limited"; VariantName = "[No Variations]"
Added Component: Designator=J?(440068)
Add component. Clean all parameters for all variants
Add component (AddParameter): Name = "ComponentLink1Description"; Value = "Manufacturer Link"; VariantName = "[No Variations]"
Add component (AddParameter): Name = "ComponentLink1URL"; Value = "http://www.tycoelectronics.com/"; VariantName = "[No Variations]"
Add component (AddParameter): Name = "ComponentLink2Description"; Value = "Packaging Specification"; VariantName = "[No Variations]"
Add component (AddParameter): Name = "ComponentLink2URL"; Value = "http://ecommas.tycoelectronics.com/commerce/DocumentDelivery/DDEController?Action=showdoc&DocId=Customer+Drawing%7F440068%7FD%7Ftif%7FEnglish%7FC_440068_D.tif"; VariantName = "[No Variations]"
Add component (AddParameter): Name = "ContactMaterial"; Value = "Copper Alloy"; VariantName = "[No Variations]"
Add component (AddParameter): Name = "ContactPlating"; Value = "Gold Flash"; VariantName = "[No Variations]"
Add component (AddParameter): Name = "DatasheetDocument"; Value = "18-Mar-2004"; VariantName = "[No Variations]"
Add component (AddParameter): Name = "DrillSize"; Value = "Corresponds to nominal value."; VariantName = "[No Variations]"
Add component (AddParameter): Name = "HousingMaterial"; Value = "Glass-Filled Thermoplastic"; VariantName = "[No Variations]"
Add component (AddParameter): Name = "PackageDocument"; Value = "18-Mar-2004"; VariantName = "[No Variations]"
Add component (AddParameter): Name = "PackageReference"; Value = "440068"; VariantName = "[No Variations]"
Add component (AddParameter): Name = "PanelGround"; Value = "Without"; VariantName = "[No Variations]"
Add component (AddParameter): Name = "PCB_Layout"; Value = "Complies with manufacturer's recommendation."; VariantName = "[No Variations]"
Add component (AddParameter): Name = "Published"; Value = "15-Jul-2004"; VariantName = "[No Variations]"
Add component (AddParameter): Name = "Publisher"; Value = "Altium Limited"; VariantName = "[No Variations]"
Add component (AddParameter): Name = "TerminationLength"; Value = "2.40mm [0.094in.]"; VariantName = "[No Variations]"
Added Component: Designator=P?(HDR1X4)
Add component. Clean all parameters for all variants
Add component (AddParameter): Name = "LatestRevisionDate"; Value = "17-Jul-2002"; VariantName = "[No Variations]"
Add component (AddParameter): Name = "LatestRevisionNote"; Value = "Re-released for DXP Platform."; VariantName = "[No Variations]"
Add component (AddParameter): Name = "Publisher"; Value = "Altium Limited"; VariantName = "[No Variations]"
Added Component: Designator=U?(SOP8)
Add component. Clean all parameters for all variants
Added Pin To Net: NetName=GND Pin=D?-2
Added Pin To Net: NetName=GND Pin=P?-4
Added Pin To Net: NetName=GND Pin=U?-4
Added Net: Name=GND
Added Pin To Net: NetName=NetJ?_4 Pin=J?-4
Added Net: Name=NetJ?_4
Added Pin To Net: NetName=OUT1 Pin=U?-8
Added Net: Name=OUT1
Added Pin To Net: NetName=RXD Pin=P?-2
Added Pin To Net: NetName=RXD Pin=U?-5
Added Net: Name=RXD
Added Pin To Net: NetName=SCAN Pin=U?-7
Added Net: Name=SCAN
Added Pin To Net: NetName=TXD Pin=P?-3
Added Pin To Net: NetName=TXD Pin=U?-6
Added Net: Name=TXD
Added Pin To Net: NetName=VCC Pin=D?-1
Added Pin To Net: NetName=VCC Pin=J?-1
Added Pin To Net: NetName=VCC Pin=P?-1
Added Pin To Net: NetName=VCC Pin=U?-2
Added Net: Name=VCC
Added Class: Name=Sheet1
Added Room: Name=Sheet1
