Removed Pin From Net: NetName=GND Pin=D?-2
Removed Pin From Net: NetName=OUT1 Pin=Q?-1
Removed Pin From Net: NetName=VCC Pin=U?-2
Removed Pin From Net: NetName=GND Pin=U?-4
Removed Pin From Net: NetName=RXD Pin=U?-5
Removed Pin From Net: NetName=TXD Pin=U?-6
Removed Pin From Net: NetName=SCAN Pin=U?-7
Removed Pin From Net: NetName=OUT1 Pin=U?-8
Change Component Footprint: Designator=D? Old Footprint=3.2X1.6X1.1 New Footprint=microusb
Change Component Footprint: Designator=U? Old Footprint=SOP8 New Footprint=J1-0603
Change Component Comment : Designator=D? Old Comment=LED2 New Comment=MicroUSB
Change Component Comment : Designator=U? Old Comment=STC15W201S_SOP8 New Comment=Res3
Change Component Designator: OldDesignator=D? NewDesignator=*
Change Component Designator: OldDesignator=J? NewDesignator=J1
Change Component Designator: OldDesignator=P? NewDesignator=P1
Change Component Designator: OldDesignator=Q? NewDesignator=Q1
Change Component Designator: OldDesignator=U? NewDesignator=R1
Change component parameters: Designator = "*"; Footprint = "microusb"; UniqueID = "\CYMCQHOM"
Change component parameters. Clean all parameters for all variants
Change component parameters: Designator = "R1"; Footprint = "J1-0603"; UniqueID = "\EJLRNPWR"
Change component parameters. Clean all parameters for all variants
Change component parameters (AddParameter): Name = "LatestRevisionDate"; Value = "29-May-2009"; VariantName = "[No Variations]"
Change component parameters (AddParameter): Name = "LatestRevisionNote"; Value = "IPC-7351 Footprint Added."; VariantName = "[No Variations]"
Change component parameters (AddParameter): Name = "PackageDescription"; Value = "Chip Resistor"; VariantName = "[No Variations]"
Change component parameters (AddParameter): Name = "PackageReference"; Value = "J1-0603"; VariantName = "[No Variations]"
Change component parameters (AddParameter): Name = "Published"; Value = "8-Jun-2000"; VariantName = "[No Variations]"
Change component parameters (AddParameter): Name = "Publisher"; Value = "Altium Limited"; VariantName = "[No Variations]"
Change component parameters (AddParameter): Name = "Value"; Value = "100"; VariantName = "[No Variations]"
Added Component: Designator=R2(J1-0603)
Add component. Clean all parameters for all variants
Add component (AddParameter): Name = "LatestRevisionDate"; Value = "29-May-2009"; VariantName = "[No Variations]"
Add component (AddParameter): Name = "LatestRevisionNote"; Value = "IPC-7351 Footprint Added."; VariantName = "[No Variations]"
Add component (AddParameter): Name = "PackageDescription"; Value = "Chip Resistor"; VariantName = "[No Variations]"
Add component (AddParameter): Name = "PackageReference"; Value = "J1-0603"; VariantName = "[No Variations]"
Add component (AddParameter): Name = "Published"; Value = "8-Jun-2000"; VariantName = "[No Variations]"
Add component (AddParameter): Name = "Publisher"; Value = "Altium Limited"; VariantName = "[No Variations]"
Add component (AddParameter): Name = "Value"; Value = "100"; VariantName = "[No Variations]"
Added Component: Designator=R3(J1-0603)
Add component. Clean all parameters for all variants
Add component (AddParameter): Name = "LatestRevisionDate"; Value = "29-May-2009"; VariantName = "[No Variations]"
Add component (AddParameter): Name = "LatestRevisionNote"; Value = "IPC-7351 Footprint Added."; VariantName = "[No Variations]"
Add component (AddParameter): Name = "PackageDescription"; Value = "Chip Resistor"; VariantName = "[No Variations]"
Add component (AddParameter): Name = "PackageReference"; Value = "J1-0603"; VariantName = "[No Variations]"
Add component (AddParameter): Name = "Published"; Value = "8-Jun-2000"; VariantName = "[No Variations]"
Add component (AddParameter): Name = "Publisher"; Value = "Altium Limited"; VariantName = "[No Variations]"
Add component (AddParameter): Name = "Value"; Value = "10K"; VariantName = "[No Variations]"
Added Component: Designator=S1(SPST-2)
Add component. Clean all parameters for all variants
Add component (AddParameter): Name = "LatestRevisionDate"; Value = "17-Jul-2002"; VariantName = "[No Variations]"
Add component (AddParameter): Name = "LatestRevisionNote"; Value = "Re-released for DXP Platform."; VariantName = "[No Variations]"
Add component (AddParameter): Name = "PackageDescription"; Value = "Switch; 2 Leads"; VariantName = "[No Variations]"
Add component (AddParameter): Name = "PackageReference"; Value = "SPST-2"; VariantName = "[No Variations]"
Add component (AddParameter): Name = "Published"; Value = "24-Mar-1999"; VariantName = "[No Variations]"
Add component (AddParameter): Name = "Publisher"; Value = "Altium Limited"; VariantName = "[No Variations]"
Added Component: Designator=U1(SOP8)
Add component. Clean all parameters for all variants
Added Pin To Net: NetName=GND Pin=*-5
Added Pin To Net: NetName=SCAN Pin=Q1-1
Added Pin To Net: NetName=GND Pin=Q1-3
Added Pin To Net: NetName=GND Pin=R1-1
Added Pin To Net: NetName=SCAN Pin=R2-1
Added Pin To Net: NetName=OUT1 Pin=R2-2
Added Pin To Net: NetName=GND Pin=R3-1
Added Pin To Net: NetName=SCAN Pin=R3-2
Added Pin To Net: NetName=VCC Pin=U1-2
Added Pin To Net: NetName=GND Pin=U1-4
Added Pin To Net: NetName=RXD Pin=U1-5
Added Pin To Net: NetName=TXD Pin=U1-6
Added Pin To Net: NetName=OUT1 Pin=U1-8
Change Net Name : Old Net Name=NetJ?_4 New Net Name=NetJ1_4
Change Net Name : Old Net Name=OUT1 New Net Name=FAN
Change Net Name : Old Net Name=SCAN New Net Name=NetQ1_1
Added Pin To Net: NetName=NetR1_2 Pin=R1-2
Added Pin To Net: NetName=NetR1_2 Pin=S1-2
Added Net: Name=NetR1_2
Added Pin To Net: NetName=SW Pin=S1-1
Added Pin To Net: NetName=SW Pin=U1-7
Added Net: Name=SW
Change Class Name : Old Net Name=Sheet1 New Net Name=PCB1
Added Member To Class: ClassName=PCB1 Member=Component R2 Res3
Added Member To Class: ClassName=PCB1 Member=Component R3 Res3
Added Member To Class: ClassName=PCB1 Member=Component S1 SW-PB
Added Member To Class: ClassName=PCB1 Member=Component U1 STC15W201S_SOP8
Added Room: Name=PCB1
