C51 COMPILER V9.60.0.0   1                                                                 09/16/2019 21:27:38 PAGE 1   


C51 COMPILER V9.60.0.0, COMPILATION OF MODULE 1
OBJECT MODULE PLACED IN .\Objects\1.obj
COMPILER INVOKED BY: D:\Keil_v5\C51\BIN\C51.EXE 1.c OPTIMIZE(8,SPEED) BROWSE DEBUG OBJECTEXTEND PRINT(.\Listings\1.lst) 
                    -TABS(2) OBJECT(.\Objects\1.obj)

line level    source

   1          #include <STC15F2K60S2.H>
   2          #include <intrins.h>
   3          
   4          sbit relay = P0^0;
   5          unsigned  int i;
   6          
   7          void Timer0Init(void)   //1??@11.0592MHz
   8          {
   9   1        AUXR &= 0x7F;   //?????12T??
  10   1        TMOD &= 0xF0;   //???????
  11   1        TL0 = 0x66;   //??????
  12   1        TH0 = 0xFC;   //??????
  13   1        TF0 = 0;    //??TF0??
  14   1        TR0 = 1;    //???0????
  15   1        EA = 1;
  16   1      }
  17          
  18          int Delay1ms(add)   //@11.0592MHz
  19          {
  20   1        unsigned char i, j;
  21   1        while(add-- != 0)
  22   1        {
  23   2          _nop_();
  24   2          _nop_();
  25   2          _nop_();
  26   2          i = 11;
  27   2          j = 190;
  28   2          do
  29   2          {
  30   3            while (--j);
  31   3          } while (--i);
  32   2        }
  33   1      }
  34          
  35          void main()
  36          {
  37   1        while(1)
  38   1        {
  39   2          relay = 1;
  40   2          Delay1ms(500);
  41   2          relay = 0;
  42   2          Delay1ms(200);
  43   2        }
  44   1        Delay1ms(10000);
  45   1      }
  46          
  47          void Timer0() interrupt 1
  48          {
  49   1        TL0 = 0x66;   //设置定时初值
  50   1        TH0 = 0xFC;   //设置定时初值
  51   1        
  52   1        for(i=0;i<=5;i++)
  53   1        {
  54   2          relay = 1;
C51 COMPILER V9.60.0.0   1                                                                 09/16/2019 21:27:38 PAGE 2   

  55   2          Delay1ms(500);
  56   2          relay = 0;
  57   2          Delay1ms(200);
  58   2        }
  59   1      }
*** WARNING C290 IN LINE 33 OF 1.c: missing return value
*** WARNING C294 IN LINE 44 OF 1.c: unreachable code


MODULE INFORMATION:   STATIC OVERLAYABLE
   CODE SIZE        =    123    ----
   CONSTANT SIZE    =   ----    ----
   XDATA SIZE       =   ----    ----
   PDATA SIZE       =   ----    ----
   DATA SIZE        =      2    ----
   IDATA SIZE       =   ----    ----
   BIT SIZE         =   ----    ----
END OF MODULE INFORMATION.


C51 COMPILATION COMPLETE.  2 WARNING(S),  0 ERROR(S)
